<?xml version="1.0" encoding="UTF-8"?>
<coverage generated="1779445785434" clover="3.2.0">
  <project timestamp="1779445785435" name="All files">
    <metrics statements="118" coveredstatements="118" conditionals="97" coveredconditionals="97" methods="10" coveredmethods="10" elements="225" coveredelements="225" complexity="0" loc="118" ncloc="118" packages="1" files="4" classes="4"/>
    <file name="arbitrageCalculator.ts" path="C:\Users\pc\Documents\Antigravity\indiaCardRedemptions\src\utils\arbitrageCalculator.ts">
      <metrics statements="6" coveredstatements="6" conditionals="6" coveredconditionals="6" methods="2" coveredmethods="2"/>
      <line num="11" count="4" type="cond" truecount="4" falsecount="0"/>
      <line num="12" count="1" type="stmt"/>
      <line num="13" count="1" type="stmt"/>
      <line num="17" count="8" type="cond" truecount="2" falsecount="0"/>
      <line num="18" count="6" type="stmt"/>
      <line num="19" count="6" type="stmt"/>
    </file>
    <file name="loyaltyMatrixEngine.ts" path="C:\Users\pc\Documents\Antigravity\indiaCardRedemptions\src\utils\loyaltyMatrixEngine.ts">
      <metrics statements="56" coveredstatements="56" conditionals="64" coveredconditionals="64" methods="4" coveredmethods="4"/>
      <line num="18" count="2" type="stmt"/>
      <line num="35" count="56" type="cond" truecount="2" falsecount="0"/>
      <line num="37" count="55" type="stmt"/>
      <line num="40" count="55" type="cond" truecount="2" falsecount="0"/>
      <line num="41" count="5" type="cond" truecount="2" falsecount="0"/>
      <line num="46" count="50" type="cond" truecount="2" falsecount="0"/>
      <line num="47" count="15" type="stmt"/>
      <line num="48" count="15" type="cond" truecount="2" falsecount="0"/>
      <line num="49" count="8" type="stmt"/>
      <line num="53" count="7" type="stmt"/>
      <line num="60" count="7" type="cond" truecount="2" falsecount="0"/>
      <line num="61" count="6" type="stmt"/>
      <line num="66" count="36" type="cond" truecount="2" falsecount="0"/>
      <line num="68" count="8" type="cond" truecount="4" falsecount="0"/>
      <line num="69" count="7" type="cond" truecount="2" falsecount="0"/>
      <line num="70" count="6" type="cond" truecount="4" falsecount="0"/>
      <line num="73" count="5" type="stmt"/>
      <line num="76" count="5" type="cond" truecount="2" falsecount="0"/>
      <line num="77" count="4" type="stmt"/>
      <line num="82" count="29" type="cond" truecount="2" falsecount="0"/>
      <line num="83" count="16" type="stmt"/>
      <line num="90" count="16" type="cond" truecount="2" falsecount="0"/>
      <line num="91" count="15" type="stmt"/>
      <line num="96" count="14" type="cond" truecount="2" falsecount="0"/>
      <line num="97" count="7" type="cond" truecount="2" falsecount="0"/>
      <line num="98" count="2" type="cond" truecount="2" falsecount="0"/>
      <line num="102" count="8" type="cond" truecount="2" falsecount="0"/>
      <line num="103" count="4" type="cond" truecount="2" falsecount="0"/>
      <line num="104" count="2" type="cond" truecount="2" falsecount="0"/>
      <line num="107" count="5" type="stmt"/>
      <line num="114" count="9" type="stmt"/>
      <line num="115" count="9" type="cond" truecount="2" falsecount="0"/>
      <line num="116" count="2" type="stmt"/>
      <line num="122" count="7" type="stmt"/>
      <line num="123" count="7" type="cond" truecount="2" falsecount="0"/>
      <line num="124" count="2" type="stmt"/>
      <line num="130" count="5" type="stmt"/>
      <line num="141" count="12" type="stmt"/>
      <line num="143" count="12" type="stmt"/>
      <line num="144" count="24" type="stmt"/>
      <line num="145" count="24" type="cond" truecount="2" falsecount="0"/>
      <line num="146" count="20" type="stmt"/>
      <line num="147" count="20" type="stmt"/>
      <line num="148" count="20" type="stmt"/>
      <line num="150" count="20" type="stmt"/>
      <line num="151" count="20" type="cond" truecount="2" falsecount="0"/>
      <line num="152" count="11" type="stmt"/>
      <line num="153" count="9" type="cond" truecount="4" falsecount="0"/>
      <line num="154" count="2" type="stmt"/>
      <line num="155" count="7" type="cond" truecount="2" falsecount="0"/>
      <line num="156" count="1" type="stmt"/>
      <line num="159" count="20" type="stmt"/>
      <line num="171" count="12" type="stmt"/>
      <line num="172" count="8" type="cond" truecount="2" falsecount="0"/>
      <line num="173" count="3" type="stmt"/>
      <line num="175" count="5" type="cond" truecount="4" falsecount="0"/>
    </file>
    <file name="matrixEngine.ts" path="C:\Users\pc\Documents\Antigravity\indiaCardRedemptions\src\utils\matrixEngine.ts">
      <metrics statements="4" coveredstatements="4" conditionals="4" coveredconditionals="4" methods="1" coveredmethods="1"/>
      <line num="3" count="1" type="stmt"/>
      <line num="14" count="5" type="cond" truecount="4" falsecount="0"/>
      <line num="15" count="3" type="stmt"/>
      <line num="17" count="2" type="stmt"/>
    </file>
    <file name="milestoneTracker.ts" path="C:\Users\pc\Documents\Antigravity\indiaCardRedemptions\src\utils\milestoneTracker.ts">
      <metrics statements="52" coveredstatements="52" conditionals="23" coveredconditionals="23" methods="3" coveredmethods="3"/>
      <line num="18" count="5" type="stmt"/>
      <line num="24" count="5" type="stmt"/>
      <line num="25" count="5" type="stmt"/>
      <line num="26" count="5" type="stmt"/>
      <line num="28" count="5" type="stmt"/>
      <line num="29" count="15" type="cond" truecount="2" falsecount="0"/>
      <line num="30" count="6" type="stmt"/>
      <line num="31" count="6" type="stmt"/>
      <line num="33" count="6" type="stmt"/>
      <line num="34" count="6" type="cond" truecount="2" falsecount="0"/>
      <line num="35" count="5" type="stmt"/>
      <line num="37" count="1" type="stmt"/>
      <line num="43" count="5" type="cond" truecount="2" falsecount="0"/>
      <line num="44" count="2" type="stmt"/>
      <line num="47" count="5" type="stmt"/>
      <line num="49" count="5" type="stmt"/>
      <line num="66" count="9" type="stmt"/>
      <line num="72" count="9" type="stmt"/>
      <line num="73" count="9" type="stmt"/>
      <line num="74" count="9" type="stmt"/>
      <line num="75" count="9" type="stmt"/>
      <line num="77" count="9" type="stmt"/>
      <line num="78" count="27" type="cond" truecount="2" falsecount="0"/>
      <line num="79" count="12" type="stmt"/>
      <line num="80" count="12" type="stmt"/>
      <line num="81" count="12" type="cond" truecount="2" falsecount="0"/>
      <line num="82" count="2" type="stmt"/>
      <line num="84" count="12" type="stmt"/>
      <line num="85" count="12" type="cond" truecount="2" falsecount="0"/>
      <line num="86" count="10" type="stmt"/>
      <line num="88" count="2" type="stmt"/>
      <line num="93" count="9" type="cond" truecount="2" falsecount="0"/>
      <line num="94" count="2" type="stmt"/>
      <line num="97" count="9" type="stmt"/>
      <line num="99" count="9" type="stmt"/>
      <line num="120" count="13" type="stmt"/>
      <line num="121" count="13" type="stmt"/>
      <line num="122" count="13" type="stmt"/>
      <line num="124" count="13" type="cond" truecount="2" falsecount="0"/>
      <line num="125" count="11" type="stmt"/>
      <line num="128" count="11" type="cond" truecount="2" falsecount="0"/>
      <line num="129" count="1" type="stmt"/>
      <line num="130" count="10" type="cond" truecount="2" falsecount="0"/>
      <line num="131" count="1" type="stmt"/>
      <line num="132" count="9" type="cond" truecount="2" falsecount="0"/>
      <line num="133" count="1" type="stmt"/>
      <line num="135" count="8" type="stmt"/>
      <line num="136" count="8" type="stmt"/>
      <line num="137" count="8" type="stmt"/>
      <line num="141" count="13" type="stmt"/>
      <line num="142" count="13" type="stmt"/>
      <line num="144" count="13" type="stmt"/>
    </file>
  </project>
</coverage>
