{"C:\\Users\\pc\\Documents\\Antigravity\\indiaCardRedemptions\\src\\utils\\arbitrageCalculator.ts": {"path":"C:\\Users\\pc\\Documents\\Antigravity\\indiaCardRedemptions\\src\\utils\\arbitrageCalculator.ts","statementMap":{"0":{"start":{"line":2,"column":2},"end":{"line":2,"column":35}},"1":{"start":{"line":2,"column":26},"end":{"line":2,"column":35}},"2":{"start":{"line":3,"column":27},"end":{"line":3,"column":53}},"3":{"start":{"line":4,"column":2},"end":{"line":4,"column":38}}},"fnMap":{"0":{"name":"calculateYield","decl":{"start":{"line":1,"column":16},"end":{"line":1,"column":30}},"loc":{"start":{"line":1,"column":101},"end":{"line":5,"column":1}},"line":1}},"branchMap":{"0":{"loc":{"start":{"line":2,"column":2},"end":{"line":2,"column":35}},"type":"if","locations":[{"start":{"line":2,"column":2},"end":{"line":2,"column":35}},{"start":{},"end":{}}],"line":2}},"s":{"0":8,"1":2,"2":6,"3":6},"f":{"0":8},"b":{"0":[2,6]},"_coverageSchema":"1a1c01bbd47fc00a2c39e90264f33305004495a9","hash":"496f527a909301dd93d18c390b05bec74c0089ec"}
,"C:\\Users\\pc\\Documents\\Antigravity\\indiaCardRedemptions\\src\\utils\\loyaltyMatrixEngine.ts": {"path":"C:\\Users\\pc\\Documents\\Antigravity\\indiaCardRedemptions\\src\\utils\\loyaltyMatrixEngine.ts","statementMap":{"0":{"start":{"line":18,"column":63},"end":{"line":27,"column":1}},"1":{"start":{"line":35,"column":2},"end":{"line":35,"column":38}},"2":{"start":{"line":35,"column":29},"end":{"line":35,"column":38}},"3":{"start":{"line":37,"column":15},"end":{"line":37,"column":35}},"4":{"start":{"line":40,"column":2},"end":{"line":42,"column":3}},"5":{"start":{"line":41,"column":4},"end":{"line":41,"column":52}},"6":{"start":{"line":46,"column":2},"end":{"line":63,"column":3}},"7":{"start":{"line":47,"column":28},"end":{"line":47,"column":92}},"8":{"start":{"line":48,"column":4},"end":{"line":50,"column":5}},"9":{"start":{"line":49,"column":6},"end":{"line":49,"column":17}},"10":{"start":{"line":53,"column":25},"end":{"line":58,"column":5}},"11":{"start":{"line":60,"column":4},"end":{"line":62,"column":5}},"12":{"start":{"line":61,"column":6},"end":{"line":61,"column":17}},"13":{"start":{"line":66,"column":2},"end":{"line":79,"column":3}},"14":{"start":{"line":68,"column":4},"end":{"line":68,"column":76}},"15":{"start":{"line":68,"column":65},"end":{"line":68,"column":76}},"16":{"start":{"line":69,"column":4},"end":{"line":69,"column":41}},"17":{"start":{"line":69,"column":30},"end":{"line":69,"column":41}},"18":{"start":{"line":70,"column":4},"end":{"line":70,"column":63}},"19":{"start":{"line":70,"column":52},"end":{"line":70,"column":63}},"20":{"start":{"line":73,"column":25},"end":{"line":75,"column":5}},"21":{"start":{"line":76,"column":4},"end":{"line":78,"column":5}},"22":{"start":{"line":77,"column":6},"end":{"line":77,"column":17}},"23":{"start":{"line":82,"column":2},"end":{"line":93,"column":3}},"24":{"start":{"line":83,"column":25},"end":{"line":88,"column":5}},"25":{"start":{"line":90,"column":4},"end":{"line":92,"column":5}},"26":{"start":{"line":91,"column":6},"end":{"line":91,"column":17}},"27":{"start":{"line":96,"column":2},"end":{"line":99,"column":3}},"28":{"start":{"line":97,"column":4},"end":{"line":97,"column":44}},"29":{"start":{"line":97,"column":33},"end":{"line":97,"column":44}},"30":{"start":{"line":98,"column":4},"end":{"line":98,"column":44}},"31":{"start":{"line":98,"column":33},"end":{"line":98,"column":44}},"32":{"start":{"line":102,"column":2},"end":{"line":105,"column":3}},"33":{"start":{"line":103,"column":4},"end":{"line":103,"column":44}},"34":{"start":{"line":103,"column":33},"end":{"line":103,"column":44}},"35":{"start":{"line":104,"column":4},"end":{"line":104,"column":45}},"36":{"start":{"line":104,"column":33},"end":{"line":104,"column":45}},"37":{"start":{"line":107,"column":2},"end":{"line":107,"column":13}},"38":{"start":{"line":114,"column":26},"end":{"line":114,"column":71}},"39":{"start":{"line":115,"column":2},"end":{"line":120,"column":3}},"40":{"start":{"line":116,"column":4},"end":{"line":119,"column":6}},"41":{"start":{"line":122,"column":26},"end":{"line":122,"column":71}},"42":{"start":{"line":123,"column":2},"end":{"line":128,"column":3}},"43":{"start":{"line":124,"column":4},"end":{"line":127,"column":6}},"44":{"start":{"line":130,"column":2},"end":{"line":130,"column":28}},"45":{"start":{"line":141,"column":50},"end":{"line":141,"column":52}},"46":{"start":{"line":143,"column":2},"end":{"line":168,"column":3}},"47":{"start":{"line":144,"column":18},"end":{"line":144,"column":51}},"48":{"start":{"line":145,"column":4},"end":{"line":167,"column":5}},"49":{"start":{"line":146,"column":22},"end":{"line":146,"column":48}},"50":{"start":{"line":147,"column":29},"end":{"line":147,"column":61}},"51":{"start":{"line":148,"column":25},"end":{"line":148,"column":50}},"52":{"start":{"line":150,"column":18},"end":{"line":150,"column":20}},"53":{"start":{"line":151,"column":6},"end":{"line":157,"column":7}},"54":{"start":{"line":152,"column":8},"end":{"line":152,"column":53}},"55":{"start":{"line":153,"column":13},"end":{"line":157,"column":7}},"56":{"start":{"line":154,"column":8},"end":{"line":154,"column":40}},"57":{"start":{"line":155,"column":13},"end":{"line":157,"column":7}},"58":{"start":{"line":156,"column":8},"end":{"line":156,"column":63}},"59":{"start":{"line":159,"column":6},"end":{"line":166,"column":9}},"60":{"start":{"line":171,"column":2},"end":{"line":176,"column":5}},"61":{"start":{"line":172,"column":4},"end":{"line":174,"column":5}},"62":{"start":{"line":173,"column":6},"end":{"line":173,"column":31}},"63":{"start":{"line":175,"column":4},"end":{"line":175,"column":59}}},"fnMap":{"0":{"name":"getTransferRatio","decl":{"start":{"line":34,"column":16},"end":{"line":34,"column":32}},"loc":{"start":{"line":34,"column":74},"end":{"line":108,"column":1}},"line":34},"1":{"name":"getTaxWarning","decl":{"start":{"line":113,"column":16},"end":{"line":113,"column":29}},"loc":{"start":{"line":113,"column":87},"end":{"line":131,"column":1}},"line":113},"2":{"name":"getOptimalTransferPathway","decl":{"start":{"line":136,"column":16},"end":{"line":136,"column":41}},"loc":{"start":{"line":140,"column":26},"end":{"line":177,"column":1}},"line":140},"3":{"name":"(anonymous_3)","decl":{"start":{"line":171,"column":30},"end":{"line":171,"column":31}},"loc":{"start":{"line":171,"column":40},"end":{"line":176,"column":3}},"line":171}},"branchMap":{"0":{"loc":{"start":{"line":35,"column":2},"end":{"line":35,"column":38}},"type":"if","locations":[{"start":{"line":35,"column":2},"end":{"line":35,"column":38}},{"start":{},"end":{}}],"line":35},"1":{"loc":{"start":{"line":40,"column":2},"end":{"line":42,"column":3}},"type":"if","locations":[{"start":{"line":40,"column":2},"end":{"line":42,"column":3}},{"start":{},"end":{}}],"line":40},"2":{"loc":{"start":{"line":41,"column":11},"end":{"line":41,"column":51}},"type":"cond-expr","locations":[{"start":{"line":41,"column":42},"end":{"line":41,"column":45}},{"start":{"line":41,"column":48},"end":{"line":41,"column":51}}],"line":41},"3":{"loc":{"start":{"line":46,"column":2},"end":{"line":63,"column":3}},"type":"if","locations":[{"start":{"line":46,"column":2},"end":{"line":63,"column":3}},{"start":{},"end":{}}],"line":46},"4":{"loc":{"start":{"line":48,"column":4},"end":{"line":50,"column":5}},"type":"if","locations":[{"start":{"line":48,"column":4},"end":{"line":50,"column":5}},{"start":{},"end":{}}],"line":48},"5":{"loc":{"start":{"line":60,"column":4},"end":{"line":62,"column":5}},"type":"if","locations":[{"start":{"line":60,"column":4},"end":{"line":62,"column":5}},{"start":{},"end":{}}],"line":60},"6":{"loc":{"start":{"line":66,"column":2},"end":{"line":79,"column":3}},"type":"if","locations":[{"start":{"line":66,"column":2},"end":{"line":79,"column":3}},{"start":{},"end":{}}],"line":66},"7":{"loc":{"start":{"line":68,"column":4},"end":{"line":68,"column":76}},"type":"if","locations":[{"start":{"line":68,"column":4},"end":{"line":68,"column":76}},{"start":{},"end":{}}],"line":68},"8":{"loc":{"start":{"line":68,"column":8},"end":{"line":68,"column":63}},"type":"binary-expr","locations":[{"start":{"line":68,"column":8},"end":{"line":68,"column":30}},{"start":{"line":68,"column":34},"end":{"line":68,"column":63}}],"line":68},"9":{"loc":{"start":{"line":69,"column":4},"end":{"line":69,"column":41}},"type":"if","locations":[{"start":{"line":69,"column":4},"end":{"line":69,"column":41}},{"start":{},"end":{}}],"line":69},"10":{"loc":{"start":{"line":70,"column":4},"end":{"line":70,"column":63}},"type":"if","locations":[{"start":{"line":70,"column":4},"end":{"line":70,"column":63}},{"start":{},"end":{}}],"line":70},"11":{"loc":{"start":{"line":70,"column":8},"end":{"line":70,"column":50}},"type":"binary-expr","locations":[{"start":{"line":70,"column":8},"end":{"line":70,"column":25}},{"start":{"line":70,"column":29},"end":{"line":70,"column":50}}],"line":70},"12":{"loc":{"start":{"line":76,"column":4},"end":{"line":78,"column":5}},"type":"if","locations":[{"start":{"line":76,"column":4},"end":{"line":78,"column":5}},{"start":{},"end":{}}],"line":76},"13":{"loc":{"start":{"line":82,"column":2},"end":{"line":93,"column":3}},"type":"if","locations":[{"start":{"line":82,"column":2},"end":{"line":93,"column":3}},{"start":{},"end":{}}],"line":82},"14":{"loc":{"start":{"line":90,"column":4},"end":{"line":92,"column":5}},"type":"if","locations":[{"start":{"line":90,"column":4},"end":{"line":92,"column":5}},{"start":{},"end":{}}],"line":90},"15":{"loc":{"start":{"line":96,"column":2},"end":{"line":99,"column":3}},"type":"if","locations":[{"start":{"line":96,"column":2},"end":{"line":99,"column":3}},{"start":{},"end":{}}],"line":96},"16":{"loc":{"start":{"line":97,"column":4},"end":{"line":97,"column":44}},"type":"if","locations":[{"start":{"line":97,"column":4},"end":{"line":97,"column":44}},{"start":{},"end":{}}],"line":97},"17":{"loc":{"start":{"line":98,"column":4},"end":{"line":98,"column":44}},"type":"if","locations":[{"start":{"line":98,"column":4},"end":{"line":98,"column":44}},{"start":{},"end":{}}],"line":98},"18":{"loc":{"start":{"line":102,"column":2},"end":{"line":105,"column":3}},"type":"if","locations":[{"start":{"line":102,"column":2},"end":{"line":105,"column":3}},{"start":{},"end":{}}],"line":102},"19":{"loc":{"start":{"line":103,"column":4},"end":{"line":103,"column":44}},"type":"if","locations":[{"start":{"line":103,"column":4},"end":{"line":103,"column":44}},{"start":{},"end":{}}],"line":103},"20":{"loc":{"start":{"line":104,"column":4},"end":{"line":104,"column":45}},"type":"if","locations":[{"start":{"line":104,"column":4},"end":{"line":104,"column":45}},{"start":{},"end":{}}],"line":104},"21":{"loc":{"start":{"line":115,"column":2},"end":{"line":120,"column":3}},"type":"if","locations":[{"start":{"line":115,"column":2},"end":{"line":120,"column":3}},{"start":{},"end":{}}],"line":115},"22":{"loc":{"start":{"line":123,"column":2},"end":{"line":128,"column":3}},"type":"if","locations":[{"start":{"line":123,"column":2},"end":{"line":128,"column":3}},{"start":{},"end":{}}],"line":123},"23":{"loc":{"start":{"line":145,"column":4},"end":{"line":167,"column":5}},"type":"if","locations":[{"start":{"line":145,"column":4},"end":{"line":167,"column":5}},{"start":{},"end":{}}],"line":145},"24":{"loc":{"start":{"line":151,"column":6},"end":{"line":157,"column":7}},"type":"if","locations":[{"start":{"line":151,"column":6},"end":{"line":157,"column":7}},{"start":{"line":153,"column":13},"end":{"line":157,"column":7}}],"line":151},"25":{"loc":{"start":{"line":153,"column":13},"end":{"line":157,"column":7}},"type":"if","locations":[{"start":{"line":153,"column":13},"end":{"line":157,"column":7}},{"start":{"line":155,"column":13},"end":{"line":157,"column":7}}],"line":153},"26":{"loc":{"start":{"line":153,"column":17},"end":{"line":153,"column":55}},"type":"binary-expr","locations":[{"start":{"line":153,"column":17},"end":{"line":153,"column":38}},{"start":{"line":153,"column":42},"end":{"line":153,"column":55}}],"line":153},"27":{"loc":{"start":{"line":155,"column":13},"end":{"line":157,"column":7}},"type":"if","locations":[{"start":{"line":155,"column":13},"end":{"line":157,"column":7}},{"start":{},"end":{}}],"line":155},"28":{"loc":{"start":{"line":165,"column":15},"end":{"line":165,"column":33}},"type":"binary-expr","locations":[{"start":{"line":165,"column":15},"end":{"line":165,"column":20}},{"start":{"line":165,"column":24},"end":{"line":165,"column":33}}],"line":165},"29":{"loc":{"start":{"line":172,"column":4},"end":{"line":174,"column":5}},"type":"if","locations":[{"start":{"line":172,"column":4},"end":{"line":174,"column":5}},{"start":{},"end":{}}],"line":172},"30":{"loc":{"start":{"line":175,"column":12},"end":{"line":175,"column":32}},"type":"cond-expr","locations":[{"start":{"line":175,"column":27},"end":{"line":175,"column":28}},{"start":{"line":175,"column":31},"end":{"line":175,"column":32}}],"line":175},"31":{"loc":{"start":{"line":175,"column":37},"end":{"line":175,"column":57}},"type":"cond-expr","locations":[{"start":{"line":175,"column":52},"end":{"line":175,"column":53}},{"start":{"line":175,"column":56},"end":{"line":175,"column":57}}],"line":175}},"s":{"0":2,"1":56,"2":1,"3":55,"4":55,"5":5,"6":50,"7":15,"8":15,"9":8,"10":7,"11":7,"12":6,"13":36,"14":8,"15":1,"16":7,"17":1,"18":6,"19":1,"20":5,"21":5,"22":4,"23":29,"24":16,"25":16,"26":15,"27":14,"28":7,"29":5,"30":2,"31":1,"32":8,"33":4,"34":2,"35":2,"36":1,"37":5,"38":9,"39":9,"40":2,"41":7,"42":7,"43":2,"44":5,"45":12,"46":12,"47":24,"48":24,"49":20,"50":20,"51":20,"52":20,"53":20,"54":11,"55":9,"56":2,"57":7,"58":1,"59":20,"60":12,"61":8,"62":3,"63":5},"f":{"0":56,"1":9,"2":12,"3":8},"b":{"0":[1,55],"1":[5,50],"2":[3,2],"3":[15,35],"4":[8,7],"5":[6,1],"6":[8,28],"7":[1,7],"8":[8,7],"9":[1,6],"10":[1,5],"11":[6,5],"12":[4,1],"13":[16,13],"14":[15,1],"15":[7,7],"16":[5,2],"17":[1,1],"18":[4,4],"19":[2,2],"20":[1,1],"21":[2,7],"22":[2,5],"23":[20,4],"24":[11,9],"25":[2,7],"26":[9,2],"27":[1,6],"28":[20,6],"29":[3,5],"30":[2,3],"31":[3,2]},"_coverageSchema":"1a1c01bbd47fc00a2c39e90264f33305004495a9","hash":"8ae48c0c60dac2bc3c1dd26557ba1dbf612af15a"}
,"C:\\Users\\pc\\Documents\\Antigravity\\indiaCardRedemptions\\src\\utils\\matrixEngine.ts": {"path":"C:\\Users\\pc\\Documents\\Antigravity\\indiaCardRedemptions\\src\\utils\\matrixEngine.ts","statementMap":{"0":{"start":{"line":3,"column":55},"end":{"line":3,"column":73}},"1":{"start":{"line":14,"column":2},"end":{"line":16,"column":3}},"2":{"start":{"line":15,"column":4},"end":{"line":15,"column":37}},"3":{"start":{"line":17,"column":2},"end":{"line":17,"column":13}}},"fnMap":{"0":{"name":"getTransferRatio","decl":{"start":{"line":13,"column":16},"end":{"line":13,"column":32}},"loc":{"start":{"line":13,"column":76},"end":{"line":18,"column":1}},"line":13}},"branchMap":{"0":{"loc":{"start":{"line":14,"column":2},"end":{"line":16,"column":3}},"type":"if","locations":[{"start":{"line":14,"column":2},"end":{"line":16,"column":3}},{"start":{},"end":{}}],"line":14},"1":{"loc":{"start":{"line":14,"column":6},"end":{"line":14,"column":69}},"type":"binary-expr","locations":[{"start":{"line":14,"column":6},"end":{"line":14,"column":20}},{"start":{"line":14,"column":24},"end":{"line":14,"column":69}}],"line":14}},"s":{"0":1,"1":5,"2":3,"3":2},"f":{"0":5},"b":{"0":[3,2],"1":[5,4]},"_coverageSchema":"1a1c01bbd47fc00a2c39e90264f33305004495a9","hash":"9aedff14433e3ba077c50f816efc630c6dc7b335"}
,"C:\\Users\\pc\\Documents\\Antigravity\\indiaCardRedemptions\\src\\utils\\milestoneTracker.ts": {"path":"C:\\Users\\pc\\Documents\\Antigravity\\indiaCardRedemptions\\src\\utils\\milestoneTracker.ts","statementMap":{"0":{"start":{"line":18,"column":16},"end":{"line":22,"column":3}},"1":{"start":{"line":24,"column":20},"end":{"line":24,"column":21}},"2":{"start":{"line":25,"column":38},"end":{"line":25,"column":40}},"3":{"start":{"line":26,"column":19},"end":{"line":26,"column":34}},"4":{"start":{"line":28,"column":2},"end":{"line":40,"column":3}},"5":{"start":{"line":29,"column":4},"end":{"line":39,"column":5}},"6":{"start":{"line":30,"column":6},"end":{"line":30,"column":33}},"7":{"start":{"line":31,"column":6},"end":{"line":31,"column":41}},"8":{"start":{"line":33,"column":27},"end":{"line":33,"column":46}},"9":{"start":{"line":34,"column":6},"end":{"line":38,"column":7}},"10":{"start":{"line":35,"column":8},"end":{"line":35,"column":52}},"11":{"start":{"line":37,"column":8},"end":{"line":37,"column":33}},"12":{"start":{"line":43,"column":2},"end":{"line":45,"column":3}},"13":{"start":{"line":44,"column":4},"end":{"line":44,"column":33}},"14":{"start":{"line":47,"column":26},"end":{"line":47,"column":79}},"15":{"start":{"line":49,"column":2},"end":{"line":55,"column":4}},"16":{"start":{"line":66,"column":16},"end":{"line":70,"column":3}},"17":{"start":{"line":72,"column":20},"end":{"line":72,"column":21}},"18":{"start":{"line":73,"column":38},"end":{"line":73,"column":40}},"19":{"start":{"line":74,"column":19},"end":{"line":74,"column":34}},"20":{"start":{"line":75,"column":25},"end":{"line":75,"column":30}},"21":{"start":{"line":77,"column":2},"end":{"line":91,"column":3}},"22":{"start":{"line":78,"column":4},"end":{"line":90,"column":5}},"23":{"start":{"line":79,"column":6},"end":{"line":79,"column":33}},"24":{"start":{"line":80,"column":6},"end":{"line":80,"column":41}},"25":{"start":{"line":81,"column":6},"end":{"line":83,"column":7}},"26":{"start":{"line":82,"column":8},"end":{"line":82,"column":32}},"27":{"start":{"line":84,"column":27},"end":{"line":84,"column":46}},"28":{"start":{"line":85,"column":6},"end":{"line":89,"column":7}},"29":{"start":{"line":86,"column":8},"end":{"line":86,"column":52}},"30":{"start":{"line":88,"column":8},"end":{"line":88,"column":33}},"31":{"start":{"line":93,"column":2},"end":{"line":95,"column":3}},"32":{"start":{"line":94,"column":4},"end":{"line":94,"column":33}},"33":{"start":{"line":97,"column":26},"end":{"line":97,"column":79}},"34":{"start":{"line":99,"column":2},"end":{"line":106,"column":4}},"35":{"start":{"line":120,"column":17},"end":{"line":120,"column":23}},"36":{"start":{"line":121,"column":20},"end":{"line":121,"column":21}},"37":{"start":{"line":122,"column":38},"end":{"line":122,"column":40}},"38":{"start":{"line":124,"column":2},"end":{"line":139,"column":3}},"39":{"start":{"line":125,"column":4},"end":{"line":125,"column":40}},"40":{"start":{"line":128,"column":4},"end":{"line":138,"column":5}},"41":{"start":{"line":129,"column":6},"end":{"line":129,"column":26}},"42":{"start":{"line":130,"column":11},"end":{"line":138,"column":5}},"43":{"start":{"line":131,"column":6},"end":{"line":131,"column":26}},"44":{"start":{"line":132,"column":11},"end":{"line":138,"column":5}},"45":{"start":{"line":133,"column":6},"end":{"line":133,"column":25}},"46":{"start":{"line":135,"column":31},"end":{"line":135,"column":45}},"47":{"start":{"line":136,"column":28},"end":{"line":136,"column":67}},"48":{"start":{"line":137,"column":6},"end":{"line":137,"column":57}},"49":{"start":{"line":141,"column":21},"end":{"line":141,"column":27}},"50":{"start":{"line":142,"column":26},"end":{"line":142,"column":79}},"51":{"start":{"line":144,"column":2},"end":{"line":150,"column":4}}},"fnMap":{"0":{"name":"calculateAxisAtlasProgress","decl":{"start":{"line":17,"column":16},"end":{"line":17,"column":42}},"loc":{"start":{"line":17,"column":77},"end":{"line":56,"column":1}},"line":17},"1":{"name":"calculateAmexTravelProgress","decl":{"start":{"line":65,"column":16},"end":{"line":65,"column":43}},"loc":{"start":{"line":65,"column":78},"end":{"line":107,"column":1}},"line":65},"2":{"name":"calculateAxisMagnusBurgundyProgress","decl":{"start":{"line":116,"column":16},"end":{"line":116,"column":51}},"loc":{"start":{"line":119,"column":21},"end":{"line":151,"column":1}},"line":119}},"branchMap":{"0":{"loc":{"start":{"line":29,"column":4},"end":{"line":39,"column":5}},"type":"if","locations":[{"start":{"line":29,"column":4},"end":{"line":39,"column":5}},{"start":{},"end":{}}],"line":29},"1":{"loc":{"start":{"line":34,"column":6},"end":{"line":38,"column":7}},"type":"if","locations":[{"start":{"line":34,"column":6},"end":{"line":38,"column":7}},{"start":{"line":36,"column":13},"end":{"line":38,"column":7}}],"line":34},"2":{"loc":{"start":{"line":43,"column":2},"end":{"line":45,"column":3}},"type":"if","locations":[{"start":{"line":43,"column":2},"end":{"line":45,"column":3}},{"start":{},"end":{}}],"line":43},"3":{"loc":{"start":{"line":78,"column":4},"end":{"line":90,"column":5}},"type":"if","locations":[{"start":{"line":78,"column":4},"end":{"line":90,"column":5}},{"start":{},"end":{}}],"line":78},"4":{"loc":{"start":{"line":81,"column":6},"end":{"line":83,"column":7}},"type":"if","locations":[{"start":{"line":81,"column":6},"end":{"line":83,"column":7}},{"start":{},"end":{}}],"line":81},"5":{"loc":{"start":{"line":85,"column":6},"end":{"line":89,"column":7}},"type":"if","locations":[{"start":{"line":85,"column":6},"end":{"line":89,"column":7}},{"start":{"line":87,"column":13},"end":{"line":89,"column":7}}],"line":85},"6":{"loc":{"start":{"line":93,"column":2},"end":{"line":95,"column":3}},"type":"if","locations":[{"start":{"line":93,"column":2},"end":{"line":95,"column":3}},{"start":{},"end":{}}],"line":93},"7":{"loc":{"start":{"line":118,"column":2},"end":{"line":118,"column":30}},"type":"default-arg","locations":[{"start":{"line":118,"column":24},"end":{"line":118,"column":30}}],"line":118},"8":{"loc":{"start":{"line":124,"column":2},"end":{"line":139,"column":3}},"type":"if","locations":[{"start":{"line":124,"column":2},"end":{"line":139,"column":3}},{"start":{},"end":{}}],"line":124},"9":{"loc":{"start":{"line":128,"column":4},"end":{"line":138,"column":5}},"type":"if","locations":[{"start":{"line":128,"column":4},"end":{"line":138,"column":5}},{"start":{"line":130,"column":11},"end":{"line":138,"column":5}}],"line":128},"10":{"loc":{"start":{"line":130,"column":11},"end":{"line":138,"column":5}},"type":"if","locations":[{"start":{"line":130,"column":11},"end":{"line":138,"column":5}},{"start":{"line":132,"column":11},"end":{"line":138,"column":5}}],"line":130},"11":{"loc":{"start":{"line":132,"column":11},"end":{"line":138,"column":5}},"type":"if","locations":[{"start":{"line":132,"column":11},"end":{"line":138,"column":5}},{"start":{"line":134,"column":11},"end":{"line":138,"column":5}}],"line":132}},"s":{"0":5,"1":5,"2":5,"3":5,"4":5,"5":15,"6":6,"7":6,"8":6,"9":6,"10":5,"11":1,"12":5,"13":2,"14":5,"15":5,"16":9,"17":9,"18":9,"19":9,"20":9,"21":9,"22":27,"23":12,"24":12,"25":12,"26":2,"27":12,"28":12,"29":10,"30":2,"31":9,"32":2,"33":9,"34":9,"35":13,"36":13,"37":13,"38":13,"39":11,"40":11,"41":1,"42":10,"43":1,"44":9,"45":1,"46":8,"47":8,"48":8,"49":13,"50":13,"51":13},"f":{"0":5,"1":9,"2":13},"b":{"0":[6,9],"1":[5,1],"2":[2,3],"3":[12,15],"4":[2,10],"5":[10,2],"6":[2,7],"7":[12],"8":[11,2],"9":[1,10],"10":[1,9],"11":[1,8]},"_coverageSchema":"1a1c01bbd47fc00a2c39e90264f33305004495a9","hash":"7f37deb991feede2661673aa638d247280a649d4"}
}
