TN:
SF:src\utils\aiHandler.ts
FN:26,buildRagPayload
FN:67,parseTravelScenario
FN:82,(anonymous_2)
FN:130,(anonymous_3)
FNF:4
FNH:4
FNDA:3,buildRagPayload
FNDA:10,parseTravelScenario
FNDA:11,(anonymous_2)
FNDA:8,(anonymous_3)
DA:31,3
DA:33,3
DA:35,3
DA:36,3
DA:37,1
DA:39,2
DA:40,2
DA:41,3
DA:42,3
DA:45,2
DA:46,2
DA:47,3
DA:48,3
DA:49,2
DA:50,4
DA:51,4
DA:57,3
DA:71,10
DA:74,10
DA:75,10
DA:78,10
DA:79,10
DA:82,10
DA:83,11
DA:84,9
DA:85,8
DA:86,7
DA:87,6
DA:88,6
DA:91,10
DA:92,10
DA:93,6
DA:96,10
DA:97,10
DA:98,5
DA:102,10
DA:103,3
DA:107,10
DA:108,10
DA:110,10
DA:111,3
DA:113,10
DA:114,1
DA:118,10
DA:119,7
DA:123,10
DA:125,10
DA:126,10
DA:127,10
DA:130,10
DA:131,10
DA:133,10
DA:134,5
DA:135,5
DA:136,4
DA:138,1
DA:142,10
DA:143,10
DA:144,10
DA:146,10
LF:60
LH:60
BRDA:36,0,0,1
BRDA:36,0,1,2
BRDA:48,1,0,2
BRDA:48,1,1,1
BRDA:78,2,0,1
BRDA:78,2,1,9
BRDA:79,3,0,1
BRDA:79,3,1,9
BRDA:83,4,0,2
BRDA:83,4,1,9
BRDA:83,5,0,11
BRDA:83,5,1,10
BRDA:84,6,0,1
BRDA:84,6,1,8
BRDA:85,7,0,1
BRDA:85,7,1,7
BRDA:86,8,0,1
BRDA:86,8,1,6
BRDA:88,9,0,2
BRDA:88,9,1,4
BRDA:92,10,0,6
BRDA:92,10,1,4
BRDA:93,11,0,6
BRDA:93,11,1,6
BRDA:97,12,0,5
BRDA:97,12,1,5
BRDA:102,13,0,3
BRDA:102,13,1,7
BRDA:102,14,0,10
BRDA:102,14,1,3
BRDA:110,15,0,3
BRDA:110,15,1,7
BRDA:110,16,0,10
BRDA:110,16,1,3
BRDA:113,17,0,1
BRDA:113,17,1,9
BRDA:113,18,0,10
BRDA:113,18,1,8
BRDA:113,18,2,7
BRDA:118,19,0,7
BRDA:118,19,1,3
BRDA:123,20,0,10
BRDA:123,20,1,6
BRDA:123,20,2,6
BRDA:125,21,0,4
BRDA:125,21,1,6
BRDA:133,22,0,5
BRDA:133,22,1,5
BRDA:135,23,0,4
BRDA:135,23,1,1
BRDA:142,24,0,4
BRDA:142,24,1,6
BRDA:144,25,0,4
BRDA:144,25,1,6
BRF:54
BRH:54
end_of_record
TN:
SF:src\utils\arbitrageCalculator.ts
FN:10,calculateVpp
FN:16,calculateYield
FNF:2
FNH:2
FNDA:4,calculateVpp
FNDA:18,calculateYield
DA:11,4
DA:12,1
DA:13,1
DA:17,18
DA:18,16
DA:19,16
LF:6
LH:6
BRDA:11,0,0,3
BRDA:11,0,1,1
BRDA:11,1,0,4
BRDA:11,1,1,3
BRDA:17,2,0,2
BRDA:17,2,1,16
BRF:6
BRH:6
end_of_record
TN:
SF:src\utils\bridgeHelper.ts
FN:9,getBankTransferUrl
FN:32,getPartnerSearchUrl
FN:52,copyToClipboard
FNF:3
FNH:3
FNDA:6,getBankTransferUrl
FNDA:5,getPartnerSearchUrl
FNDA:3,copyToClipboard
DA:10,6
DA:11,6
DA:12,1
DA:14,5
DA:15,1
DA:17,4
DA:18,2
DA:20,2
DA:21,1
DA:23,1
DA:33,5
DA:34,5
DA:35,2
DA:37,3
DA:38,1
DA:40,2
DA:41,1
DA:43,1
DA:53,3
DA:54,3
DA:55,2
DA:57,1
LF:22
LH:22
BRDA:11,0,0,1
BRDA:11,0,1,5
BRDA:14,1,0,1
BRDA:14,1,1,4
BRDA:14,2,0,5
BRDA:14,2,1,4
BRDA:17,3,0,2
BRDA:17,3,1,2
BRDA:20,4,0,1
BRDA:20,4,1,1
BRDA:34,5,0,2
BRDA:34,5,1,3
BRDA:37,6,0,1
BRDA:37,6,1,2
BRDA:37,7,0,3
BRDA:37,7,1,2
BRDA:40,8,0,1
BRDA:40,8,1,1
BRF:18
BRH:18
end_of_record
TN:
SF:src\utils\envConfig.ts
FN:12,getApiCredentials
FNF:1
FNH:1
FNDA:2,getApiCredentials
DA:13,2
LF:1
LH:1
BRDA:14,0,0,2
BRDA:14,0,1,1
BRDA:15,1,0,2
BRDA:15,1,1,1
BRF:4
BRH:4
end_of_record
TN:
SF:src\utils\haptics.ts
FN:3,(anonymous_0)
FN:11,(anonymous_1)
FN:19,(anonymous_2)
FNF:3
FNH:3
FNDA:2,(anonymous_0)
FNDA:1,(anonymous_1)
FNDA:1,(anonymous_2)
DA:3,1
DA:4,2
DA:5,2
DA:11,1
DA:12,1
DA:13,1
DA:19,1
DA:20,1
DA:21,1
LF:9
LH:9
BRF:0
BRH:0
end_of_record
TN:
SF:src\utils\loyaltyMatrixEngine.ts
FN:34,getTransferRatio
FN:113,getTaxWarning
FN:136,getOptimalTransferPathway
FN:171,(anonymous_3)
FNF:4
FNH:4
FNDA:84,getTransferRatio
FNDA:19,getTaxWarning
FNDA:22,getOptimalTransferPathway
FNDA:12,(anonymous_3)
DA:18,5
DA:35,84
DA:37,83
DA:40,83
DA:41,5
DA:46,78
DA:47,25
DA:48,25
DA:49,18
DA:53,7
DA:60,7
DA:61,6
DA:66,54
DA:68,12
DA:69,7
DA:70,6
DA:73,5
DA:76,5
DA:77,4
DA:82,43
DA:83,26
DA:90,26
DA:91,25
DA:96,18
DA:97,11
DA:98,6
DA:102,12
DA:103,4
DA:104,2
DA:107,9
DA:114,19
DA:115,19
DA:116,2
DA:122,17
DA:123,17
DA:124,2
DA:130,15
DA:141,22
DA:143,22
DA:144,52
DA:145,52
DA:146,34
DA:147,34
DA:148,34
DA:150,34
DA:151,34
DA:152,21
DA:153,13
DA:154,2
DA:155,11
DA:156,1
DA:159,34
DA:171,22
DA:172,12
DA:173,3
DA:175,9
LF:56
LH:56
BRDA:35,0,0,1
BRDA:35,0,1,83
BRDA:40,1,0,5
BRDA:40,1,1,78
BRDA:41,2,0,3
BRDA:41,2,1,2
BRDA:46,3,0,25
BRDA:46,3,1,53
BRDA:48,4,0,18
BRDA:48,4,1,7
BRDA:60,5,0,6
BRDA:60,5,1,1
BRDA:66,6,0,12
BRDA:66,6,1,42
BRDA:68,7,0,5
BRDA:68,7,1,7
BRDA:68,8,0,12
BRDA:68,8,1,11
BRDA:69,9,0,1
BRDA:69,9,1,6
BRDA:70,10,0,1
BRDA:70,10,1,5
BRDA:70,11,0,6
BRDA:70,11,1,5
BRDA:76,12,0,4
BRDA:76,12,1,1
BRDA:82,13,0,26
BRDA:82,13,1,17
BRDA:90,14,0,25
BRDA:90,14,1,1
BRDA:96,15,0,11
BRDA:96,15,1,7
BRDA:97,16,0,5
BRDA:97,16,1,6
BRDA:98,17,0,1
BRDA:98,17,1,5
BRDA:102,18,0,4
BRDA:102,18,1,8
BRDA:103,19,0,2
BRDA:103,19,1,2
BRDA:104,20,0,1
BRDA:104,20,1,1
BRDA:115,21,0,2
BRDA:115,21,1,17
BRDA:123,22,0,2
BRDA:123,22,1,15
BRDA:145,23,0,34
BRDA:145,23,1,18
BRDA:151,24,0,21
BRDA:151,24,1,13
BRDA:153,25,0,2
BRDA:153,25,1,11
BRDA:153,26,0,13
BRDA:153,26,1,2
BRDA:155,27,0,1
BRDA:155,27,1,10
BRDA:165,28,0,34
BRDA:165,28,1,10
BRDA:172,29,0,3
BRDA:172,29,1,9
BRDA:175,30,0,6
BRDA:175,30,1,3
BRDA:175,31,0,7
BRDA:175,31,1,2
BRF:64
BRH:64
end_of_record
TN:
SF:src\utils\matrixEngine.ts
FN:13,getTransferRatio
FNF:1
FNH:1
FNDA:5,getTransferRatio
DA:3,1
DA:14,5
DA:15,3
DA:17,2
LF:4
LH:4
BRDA:14,0,0,3
BRDA:14,0,1,2
BRDA:14,1,0,5
BRDA:14,1,1,4
BRF:4
BRH:4
end_of_record
TN:
SF:src\utils\mccChecker.ts
FN:12,getCardMultiplier
FNF:1
FNH:1
FNDA:10,getCardMultiplier
DA:3,1
DA:13,10
DA:16,10
DA:17,10
DA:18,51
DA:19,5
DA:20,5
DA:25,10
DA:26,5
DA:27,1
DA:28,4
DA:29,1
DA:30,3
DA:31,1
DA:32,2
DA:33,1
DA:38,10
DA:39,6
DA:40,3
DA:42,3
DA:43,2
DA:45,1
DA:48,4
DA:49,2
DA:50,1
DA:52,1
DA:56,2
LF:27
LH:27
BRDA:18,0,0,5
BRDA:18,0,1,46
BRDA:25,1,0,5
BRDA:25,1,1,5
BRDA:26,2,0,1
BRDA:26,2,1,4
BRDA:26,3,0,5
BRDA:26,3,1,4
BRDA:28,4,0,1
BRDA:28,4,1,3
BRDA:28,5,0,4
BRDA:28,5,1,4
BRDA:28,5,2,3
BRDA:28,5,3,3
BRDA:30,6,0,1
BRDA:30,6,1,2
BRDA:30,7,0,3
BRDA:30,7,1,3
BRDA:30,7,2,2
BRDA:32,8,0,1
BRDA:32,8,1,1
BRDA:32,9,0,2
BRDA:32,9,1,2
BRDA:32,9,2,2
BRDA:32,9,3,2
BRDA:38,10,0,6
BRDA:38,10,1,4
BRDA:39,11,0,3
BRDA:39,11,1,3
BRDA:39,12,0,6
BRDA:39,12,1,5
BRDA:39,12,2,4
BRDA:42,13,0,2
BRDA:42,13,1,1
BRDA:42,14,0,3
BRDA:42,14,1,1
BRDA:48,15,0,2
BRDA:48,15,1,2
BRDA:49,16,0,1
BRDA:49,16,1,1
BRF:40
BRH:40
end_of_record
TN:
SF:src\utils\milestoneTracker.ts
FN:17,calculateAxisAtlasProgress
FN:65,calculateAmexTravelProgress
FN:116,calculateAxisMagnusBurgundyProgress
FNF:3
FNH:3
FNDA:5,calculateAxisAtlasProgress
FNDA:23,calculateAmexTravelProgress
FNDA:23,calculateAxisMagnusBurgundyProgress
DA:18,5
DA:24,5
DA:25,5
DA:26,5
DA:28,5
DA:29,15
DA:30,6
DA:31,6
DA:33,6
DA:34,6
DA:35,5
DA:37,1
DA:43,5
DA:44,2
DA:47,5
DA:49,5
DA:66,23
DA:72,23
DA:73,23
DA:74,23
DA:75,23
DA:77,23
DA:78,69
DA:79,22
DA:80,22
DA:81,22
DA:82,2
DA:84,22
DA:85,22
DA:86,20
DA:88,2
DA:93,23
DA:94,6
DA:97,23
DA:99,23
DA:120,23
DA:121,23
DA:122,23
DA:124,23
DA:125,21
DA:128,21
DA:129,1
DA:130,20
DA:131,1
DA:132,19
DA:133,1
DA:135,18
DA:136,18
DA:137,18
DA:141,23
DA:142,23
DA:144,23
LF:52
LH:52
BRDA:29,0,0,6
BRDA:29,0,1,9
BRDA:34,1,0,5
BRDA:34,1,1,1
BRDA:43,2,0,2
BRDA:43,2,1,3
BRDA:78,3,0,22
BRDA:78,3,1,47
BRDA:81,4,0,2
BRDA:81,4,1,20
BRDA:85,5,0,20
BRDA:85,5,1,2
BRDA:93,6,0,6
BRDA:93,6,1,17
BRDA:118,7,0,22
BRDA:124,8,0,21
BRDA:124,8,1,2
BRDA:128,9,0,1
BRDA:128,9,1,20
BRDA:130,10,0,1
BRDA:130,10,1,19
BRDA:132,11,0,1
BRDA:132,11,1,18
BRF:23
BRH:23
end_of_record
TN:
SF:src\utils\network.ts
FN:10,getNetworkState
FN:13,(anonymous_1)
FNF:2
FNH:2
FNDA:6,getNetworkState
FNDA:1,(anonymous_1)
DA:11,6
DA:12,6
DA:13,6
DA:16,6
DA:22,1
DA:23,1
DA:25,3
LF:7
LH:7
BRF:0
BRH:0
end_of_record
TN:
SF:src\utils\offlineCache.ts
FN:11,cacheTransferMatrix
FN:22,getMatrixWithOfflineFallback
FNF:2
FNH:2
FNDA:2,cacheTransferMatrix
FNDA:3,getMatrixWithOfflineFallback
DA:4,1
DA:12,2
DA:25,3
DA:26,3
DA:27,1
DA:28,1
DA:30,2
DA:31,2
DA:32,1
DA:34,1
LF:10
LH:10
BRDA:31,0,0,1
BRDA:31,0,1,1
BRF:2
BRH:2
end_of_record
TN:
SF:src\utils\pdfParser.ts
FN:14,parseInfiniaStatement
FNF:1
FNH:1
FNDA:3,parseInfiniaStatement
DA:15,3
DA:16,3
DA:17,3
DA:18,3
DA:20,3
DA:22,3
DA:23,20
DA:26,20
DA:27,20
DA:28,2
DA:32,20
DA:33,20
DA:34,2
DA:38,20
DA:39,20
DA:40,3
DA:44,20
DA:45,19
DA:46,19
DA:47,2
DA:52,3
LF:21
LH:21
BRDA:27,0,0,2
BRDA:27,0,1,18
BRDA:33,1,0,2
BRDA:33,1,1,18
BRDA:39,2,0,3
BRDA:39,2,1,17
BRDA:44,3,0,19
BRDA:44,3,1,1
BRDA:46,4,0,2
BRDA:46,4,1,17
BRF:10
BRH:10
end_of_record
TN:
SF:src\utils\pdfSanitizer.ts
FN:19,validatePdfPayload
FNF:1
FNH:1
FNDA:6,validatePdfPayload
DA:20,6
DA:21,1
DA:24,5
DA:25,1
DA:28,4
DA:29,1
DA:32,3
DA:33,1
DA:37,2
DA:38,1
DA:41,1
LF:11
LH:11
BRDA:20,0,0,1
BRDA:20,0,1,5
BRDA:24,1,0,1
BRDA:24,1,1,4
BRDA:28,2,0,1
BRDA:28,2,1,3
BRDA:32,3,0,1
BRDA:32,3,1,2
BRDA:32,4,0,3
BRDA:32,4,1,3
BRDA:37,5,0,1
BRDA:37,5,1,1
BRF:12
BRH:12
end_of_record
TN:
SF:src\utils\travelApi.ts
FN:10,searchCashFlights
FN:54,(anonymous_1)
FN:69,createDuffelOrder
FN:147,createHotelBooking
FN:179,checkAwardAvailability
FNF:5
FNH:5
FNDA:6,searchCashFlights
FNDA:3,(anonymous_1)
FNDA:7,createDuffelOrder
FNDA:3,createHotelBooking
FNDA:3,checkAwardAvailability
DA:16,6
DA:17,1
DA:20,5
DA:21,5
DA:43,4
DA:44,1
DA:47,3
DA:48,3
DA:50,3
DA:51,2
DA:54,3
DA:55,1
DA:57,1
DA:79,7
DA:80,1
DA:83,6
DA:84,2
DA:91,4
DA:92,4
DA:118,3
DA:119,1
DA:122,2
DA:123,2
DA:125,2
DA:126,1
DA:129,1
DA:135,1
DA:158,3
DA:159,1
DA:162,2
DA:163,2
DA:185,3
DA:186,3
DA:187,3
DA:188,3
DA:189,1
DA:190,2
DA:191,1
DA:193,3
LF:39
LH:39
BRDA:16,0,0,1
BRDA:16,0,1,5
BRDA:43,1,0,1
BRDA:43,1,1,3
BRDA:50,2,0,2
BRDA:50,2,1,1
BRDA:50,3,0,3
BRDA:50,3,1,2
BRDA:79,4,0,1
BRDA:79,4,1,6
BRDA:83,5,0,2
BRDA:83,5,1,4
BRDA:118,6,0,1
BRDA:118,6,1,2
BRDA:125,7,0,1
BRDA:125,7,1,1
BRDA:158,8,0,1
BRDA:158,8,1,2
BRDA:188,9,0,1
BRDA:188,9,1,2
BRDA:188,10,0,3
BRDA:188,10,1,2
BRDA:190,11,0,1
BRDA:190,11,1,1
BRF:24
BRH:24
end_of_record
