TN:
SF:src\utils\arbitrageCalculator.ts
FN:1,calculateYield
FNF:1
FNH:1
FNDA:8,calculateYield
DA:2,8
DA:3,6
DA:4,6
LF:3
LH:3
BRDA:2,0,0,2
BRDA:2,0,1,6
BRF:2
BRH:2
end_of_record
TN:
SF:src\utils\loyaltyMatrixEngine.ts
FN:34,getTransferRatio
FN:113,getTaxWarning
FN:136,getOptimalTransferPathway
FN:171,(anonymous_3)
FNF:4
FNH:4
FNDA:56,getTransferRatio
FNDA:9,getTaxWarning
FNDA:12,getOptimalTransferPathway
FNDA:8,(anonymous_3)
DA:18,2
DA:35,56
DA:37,55
DA:40,55
DA:41,5
DA:46,50
DA:47,15
DA:48,15
DA:49,8
DA:53,7
DA:60,7
DA:61,6
DA:66,36
DA:68,8
DA:69,7
DA:70,6
DA:73,5
DA:76,5
DA:77,4
DA:82,29
DA:83,16
DA:90,16
DA:91,15
DA:96,14
DA:97,7
DA:98,2
DA:102,8
DA:103,4
DA:104,2
DA:107,5
DA:114,9
DA:115,9
DA:116,2
DA:122,7
DA:123,7
DA:124,2
DA:130,5
DA:141,12
DA:143,12
DA:144,24
DA:145,24
DA:146,20
DA:147,20
DA:148,20
DA:150,20
DA:151,20
DA:152,11
DA:153,9
DA:154,2
DA:155,7
DA:156,1
DA:159,20
DA:171,12
DA:172,8
DA:173,3
DA:175,5
LF:56
LH:56
BRDA:35,0,0,1
BRDA:35,0,1,55
BRDA:40,1,0,5
BRDA:40,1,1,50
BRDA:41,2,0,3
BRDA:41,2,1,2
BRDA:46,3,0,15
BRDA:46,3,1,35
BRDA:48,4,0,8
BRDA:48,4,1,7
BRDA:60,5,0,6
BRDA:60,5,1,1
BRDA:66,6,0,8
BRDA:66,6,1,28
BRDA:68,7,0,1
BRDA:68,7,1,7
BRDA:68,8,0,8
BRDA:68,8,1,7
BRDA:69,9,0,1
BRDA:69,9,1,6
BRDA:70,10,0,1
BRDA:70,10,1,5
BRDA:70,11,0,6
BRDA:70,11,1,5
BRDA:76,12,0,4
BRDA:76,12,1,1
BRDA:82,13,0,16
BRDA:82,13,1,13
BRDA:90,14,0,15
BRDA:90,14,1,1
BRDA:96,15,0,7
BRDA:96,15,1,7
BRDA:97,16,0,5
BRDA:97,16,1,2
BRDA:98,17,0,1
BRDA:98,17,1,1
BRDA:102,18,0,4
BRDA:102,18,1,4
BRDA:103,19,0,2
BRDA:103,19,1,2
BRDA:104,20,0,1
BRDA:104,20,1,1
BRDA:115,21,0,2
BRDA:115,21,1,7
BRDA:123,22,0,2
BRDA:123,22,1,5
BRDA:145,23,0,20
BRDA:145,23,1,4
BRDA:151,24,0,11
BRDA:151,24,1,9
BRDA:153,25,0,2
BRDA:153,25,1,7
BRDA:153,26,0,9
BRDA:153,26,1,2
BRDA:155,27,0,1
BRDA:155,27,1,6
BRDA:165,28,0,20
BRDA:165,28,1,6
BRDA:172,29,0,3
BRDA:172,29,1,5
BRDA:175,30,0,2
BRDA:175,30,1,3
BRDA:175,31,0,3
BRDA:175,31,1,2
BRF:64
BRH:64
end_of_record
TN:
SF:src\utils\matrixEngine.ts
FN:13,getTransferRatio
FNF:1
FNH:1
FNDA:5,getTransferRatio
DA:3,1
DA:14,5
DA:15,3
DA:17,2
LF:4
LH:4
BRDA:14,0,0,3
BRDA:14,0,1,2
BRDA:14,1,0,5
BRDA:14,1,1,4
BRF:4
BRH:4
end_of_record
TN:
SF:src\utils\milestoneTracker.ts
FN:17,calculateAxisAtlasProgress
FN:65,calculateAmexTravelProgress
FN:116,calculateAxisMagnusBurgundyProgress
FNF:3
FNH:3
FNDA:5,calculateAxisAtlasProgress
FNDA:9,calculateAmexTravelProgress
FNDA:13,calculateAxisMagnusBurgundyProgress
DA:18,5
DA:24,5
DA:25,5
DA:26,5
DA:28,5
DA:29,15
DA:30,6
DA:31,6
DA:33,6
DA:34,6
DA:35,5
DA:37,1
DA:43,5
DA:44,2
DA:47,5
DA:49,5
DA:66,9
DA:72,9
DA:73,9
DA:74,9
DA:75,9
DA:77,9
DA:78,27
DA:79,12
DA:80,12
DA:81,12
DA:82,2
DA:84,12
DA:85,12
DA:86,10
DA:88,2
DA:93,9
DA:94,2
DA:97,9
DA:99,9
DA:120,13
DA:121,13
DA:122,13
DA:124,13
DA:125,11
DA:128,11
DA:129,1
DA:130,10
DA:131,1
DA:132,9
DA:133,1
DA:135,8
DA:136,8
DA:137,8
DA:141,13
DA:142,13
DA:144,13
LF:52
LH:52
BRDA:29,0,0,6
BRDA:29,0,1,9
BRDA:34,1,0,5
BRDA:34,1,1,1
BRDA:43,2,0,2
BRDA:43,2,1,3
BRDA:78,3,0,12
BRDA:78,3,1,15
BRDA:81,4,0,2
BRDA:81,4,1,10
BRDA:85,5,0,10
BRDA:85,5,1,2
BRDA:93,6,0,2
BRDA:93,6,1,7
BRDA:118,7,0,12
BRDA:124,8,0,11
BRDA:124,8,1,2
BRDA:128,9,0,1
BRDA:128,9,1,10
BRDA:130,10,0,1
BRDA:130,10,1,9
BRDA:132,11,0,1
BRDA:132,11,1,8
BRF:23
BRH:23
end_of_record
